  
Distance   C Elec    C Sol Surf  Liq Pot    Solid Pot  Liq Cur   j main     j side 1    j side 2    j side 3
(microns)    (mol/m3)   x or y     (V)         (V)     (A/m2)     (A/m2)       (A/m2)      (A/m2)      (A/m2)
 t =       4.145296E-03 min
  -0.0,      1000.3,   0.5996,  0.895E-02,    0.188, 0.3642E-01, 0.3237    ,  0.000    ,  0.000    ,  0.000    
  12.5,      1000.3,   0.5996,  0.893E-02,    0.188, 0.7806    , 0.3438    ,  0.000    ,  0.000    ,  0.000    
  25.0,      1000.4,   0.5995,  0.885E-02,    0.188,  1.633    , 0.4156    ,  0.000    ,  0.000    ,  0.000    
  37.5,      1000.5,   0.5994,  0.871E-02,    0.188,  2.721    , 0.5498    ,  0.000    ,  0.000    ,  0.000    
  50.0,      1000.7,   0.5991,  0.849E-02,    0.188,  4.208    , 0.7664    ,  0.000    ,  0.000    ,  0.000    
  62.5,      1001.0,   0.5987,  0.814E-02,    0.188,  6.318    ,  1.098    ,  0.000    ,  0.000    ,  0.000    
  75.0,      1001.5,   0.5981,  0.764E-02,    0.188,  9.366    ,  1.594    ,  0.000    ,  0.000    ,  0.000    
  87.5,      1002.1,   0.5973,  0.688E-02,    0.188,  13.81    ,  2.334    ,  0.000    ,  0.000    ,  0.000    
 100.0,      1000.5,   0.5959,  0.569E-02,    0.188,  20.00    ,  3.498    ,  0.000    ,  0.000    ,  0.000    
 106.2,      1000.2,   0.0000,  0.557E-02,    0.000,  20.00    ,  0.000    ,  0.000    ,  0.000    ,  0.000    
 112.5,      1000.0,   0.0000,  0.545E-02,    0.000,  20.00    ,  0.000    ,  0.000    ,  0.000    ,  0.000    
 118.7,       999.9,   0.0000,  0.534E-02,    0.000,  20.00    ,  0.000    ,  0.000    ,  0.000    ,  0.000    
 125.0,       999.8,   0.5006,  0.522E-02,    4.229,  19.84    , -1.655    ,  0.000    ,  0.000    ,  0.000    
 137.5,       998.9,   0.5005,  0.392E-02,    4.229,  16.87    , -1.533    ,  0.000    ,  0.000    ,  0.000    
 150.0,       998.9,   0.5005,  0.284E-02,    4.229,  14.10    , -1.434    ,  0.000    ,  0.000    ,  0.000    
 162.5,       999.0,   0.5005,  0.195E-02,    4.229,  11.50    , -1.354    ,  0.000    ,  0.000    ,  0.000    
 175.0,       999.0,   0.5005,  0.124E-02,    4.228,  9.028    , -1.290    ,  0.000    ,  0.000    ,  0.000    
 187.5,       999.0,   0.5004,  0.694E-03,    4.228,  6.660    , -1.242    ,  0.000    ,  0.000    ,  0.000    
 200.0,       999.1,   0.5004,  0.307E-03,    4.228,  4.366    , -1.210    ,  0.000    ,  0.000    ,  0.000    
 212.5,       999.1,   0.5004,  0.767E-04,    4.228,  2.118    , -1.192    ,  0.000    ,  0.000    ,  0.000    
 225.0,       999.1,   0.5004,   0.00    ,    4.228,  0.000    , -1.189    ,  0.000    ,  0.000    ,  0.000    
  
  
  
Distance   C Elec    C Sol Surf  Liq Pot    Solid Pot  Liq Cur   j main     j side 1    j side 2    j side 3
(microns)    (mol/m3)   x or y     (V)         (V)     (A/m2)     (A/m2)       (A/m2)      (A/m2)      (A/m2)
 t =       1.553306E-02 min
  -0.0,      1001.2,   0.5992,  0.913E-02,    0.188, 0.3923E-01, 0.3487    ,  0.000    ,  0.000    ,  0.000    
  12.5,      1001.3,   0.5992,  0.910E-02,    0.188, 0.8393    , 0.3684    ,  0.000    ,  0.000    ,  0.000    
  25.0,      1001.6,   0.5990,  0.903E-02,    0.188,  1.745    , 0.4385    ,  0.000    ,  0.000    ,  0.000    
  37.5,      1002.1,   0.5987,  0.889E-02,    0.188,  2.880    , 0.5683    ,  0.000    ,  0.000    ,  0.000    
  50.0,      1002.9,   0.5982,  0.867E-02,    0.188,  4.398    , 0.7751    ,  0.000    ,  0.000    ,  0.000    
  62.5,      1004.0,   0.5975,  0.834E-02,    0.188,  6.506    ,  1.088    ,  0.000    ,  0.000    ,  0.000    
  75.0,      1005.4,   0.5964,  0.785E-02,    0.188,  9.500    ,  1.558    ,  0.000    ,  0.000    ,  0.000    
  87.5,      1005.8,   0.5947,  0.709E-02,    0.188,  13.85    ,  2.292    ,  0.000    ,  0.000    ,  0.000    
 100.0,      1001.5,   0.5919,  0.581E-02,    0.188,  20.00    ,  3.512    ,  0.000    ,  0.000    ,  0.000    
 106.2,      1000.9,   0.0000,  0.568E-02,    0.000,  20.00    ,  0.000    ,  0.000    ,  0.000    ,  0.000    
 112.5,      1000.4,   0.0000,  0.555E-02,    0.000,  20.00    ,  0.000    ,  0.000    ,  0.000    ,  0.000    
 118.7,       999.9,   0.0000,  0.542E-02,    0.000,  20.00    ,  0.000    ,  0.000    ,  0.000    ,  0.000    
 125.0,       999.5,   0.5012,  0.530E-02,    4.228,  19.84    , -1.654    ,  0.000    ,  0.000    ,  0.000    
 137.5,       996.6,   0.5011,  0.394E-02,    4.228,  16.88    , -1.529    ,  0.000    ,  0.000    ,  0.000    
 150.0,       996.0,   0.5010,  0.284E-02,    4.228,  14.12    , -1.430    ,  0.000    ,  0.000    ,  0.000    
 162.5,       996.1,   0.5010,  0.195E-02,    4.228,  11.52    , -1.352    ,  0.000    ,  0.000    ,  0.000    
 175.0,       996.2,   0.5009,  0.124E-02,    4.228,  9.049    , -1.291    ,  0.000    ,  0.000    ,  0.000    
 187.5,       996.4,   0.5009,  0.693E-03,    4.228,  6.679    , -1.245    ,  0.000    ,  0.000    ,  0.000    
 200.0,       996.5,   0.5009,  0.307E-03,    4.228,  4.380    , -1.213    ,  0.000    ,  0.000    ,  0.000    
 212.5,       996.5,   0.5008,  0.766E-04,    4.228,  2.125    , -1.196    ,  0.000    ,  0.000    ,  0.000    
 225.0,       996.5,   0.5008,   0.00    ,    4.228,  0.000    , -1.193    ,  0.000    ,  0.000    ,  0.000    
  
  
  
Distance   C Elec    C Sol Surf  Liq Pot    Solid Pot  Liq Cur   j main     j side 1    j side 2    j side 3
(microns)    (mol/m3)   x or y     (V)         (V)     (A/m2)     (A/m2)       (A/m2)      (A/m2)      (A/m2)
 t =       4.506998E-02 min
  -0.0,      1004.3,   0.5985,  0.950E-02,    0.189, 0.4398E-01, 0.3909    ,  0.000    ,  0.000    ,  0.000    
  12.5,      1004.5,   0.5984,  0.948E-02,    0.189, 0.9368    , 0.4080    ,  0.000    ,  0.000    ,  0.000    
  25.0,      1005.3,   0.5982,  0.941E-02,    0.189,  1.922    , 0.4692    ,  0.000    ,  0.000    ,  0.000    
  37.5,      1006.7,   0.5977,  0.928E-02,    0.189,  3.107    , 0.5823    ,  0.000    ,  0.000    ,  0.000    
  50.0,      1008.7,   0.5969,  0.908E-02,    0.189,  4.627    , 0.7646    ,  0.000    ,  0.000    ,  0.000    
  62.5,      1010.9,   0.5957,  0.877E-02,    0.189,  6.678    ,  1.052    ,  0.000    ,  0.000    ,  0.000    
  75.0,      1012.4,   0.5939,  0.828E-02,    0.189,  9.572    ,  1.512    ,  0.000    ,  0.000    ,  0.000    
  87.5,      1011.2,   0.5909,  0.746E-02,    0.189,  13.84    ,  2.270    ,  0.000    ,  0.000    ,  0.000    
 100.0,      1003.3,   0.5859,  0.608E-02,    0.189,  20.00    ,  3.541    ,  0.000    ,  0.000    ,  0.000    
 106.2,      1002.3,   0.0000,  0.594E-02,    0.000,  20.00    ,  0.000    ,  0.000    ,  0.000    ,  0.000    
 112.5,      1001.4,   0.0000,  0.580E-02,    0.000,  20.00    ,  0.000    ,  0.000    ,  0.000    ,  0.000    
 118.7,      1000.6,   0.0000,  0.566E-02,    0.000,  20.00    ,  0.000    ,  0.000    ,  0.000    ,  0.000    
 125.0,       999.9,   0.5021,  0.552E-02,    4.227,  19.84    , -1.662    ,  0.000    ,  0.000    ,  0.000    
 137.5,       993.4,   0.5019,  0.405E-02,    4.227,  16.87    , -1.529    ,  0.000    ,  0.000    ,  0.000    
 150.0,       990.4,   0.5018,  0.288E-02,    4.227,  14.11    , -1.427    ,  0.000    ,  0.000    ,  0.000    
 162.5,       989.4,   0.5017,  0.196E-02,    4.227,  11.52    , -1.348    ,  0.000    ,  0.000    ,  0.000    
 175.0,       989.3,   0.5016,  0.123E-02,    4.227,  9.057    , -1.289    ,  0.000    ,  0.000    ,  0.000    
 187.5,       989.5,   0.5015,  0.688E-03,    4.227,  6.689    , -1.244    ,  0.000    ,  0.000    ,  0.000    
 200.0,       989.7,   0.5015,  0.304E-03,    4.227,  4.388    , -1.215    ,  0.000    ,  0.000    ,  0.000    
 212.5,       989.8,   0.5015,  0.759E-04,    4.227,  2.130    , -1.198    ,  0.000    ,  0.000    ,  0.000    
 225.0,       989.9,   0.5015,   0.00    ,    4.227,  0.000    , -1.195    ,  0.000    ,  0.000    ,  0.000    
  
  
  
Distance   C Elec    C Sol Surf  Liq Pot    Solid Pot  Liq Cur   j main     j side 1    j side 2    j side 3
(microns)    (mol/m3)   x or y     (V)         (V)     (A/m2)     (A/m2)       (A/m2)      (A/m2)      (A/m2)
 t =       1.216811E-01 min
  -0.0,      1014.8,   0.5973,  0.104E-01,    0.190, 0.4678E-01, 0.4158    ,  0.000    ,  0.000    ,  0.000    
  12.5,      1015.3,   0.5972,  0.103E-01,    0.190, 0.9916    , 0.4282    ,  0.000    ,  0.000    ,  0.000    
  25.0,      1016.7,   0.5968,  0.103E-01,    0.190,  2.007    , 0.4762    ,  0.000    ,  0.000    ,  0.000    
  37.5,      1018.7,   0.5961,  0.102E-01,    0.190,  3.186    , 0.5719    ,  0.000    ,  0.000    ,  0.000    
  50.0,      1021.0,   0.5950,  0.998E-02,    0.190,  4.665    , 0.7404    ,  0.000    ,  0.000    ,  0.000    
  62.5,      1022.8,   0.5930,  0.966E-02,    0.190,  6.656    ,  1.026    ,  0.000    ,  0.000    ,  0.000    
  75.0,      1022.7,   0.5899,  0.912E-02,    0.190,  9.510    ,  1.503    ,  0.000    ,  0.000    ,  0.000    
  87.5,      1018.4,   0.5847,  0.821E-02,    0.190,  13.79    ,  2.289    ,  0.000    ,  0.000    ,  0.000    
 100.0,      1006.5,   0.5762,  0.672E-02,    0.190,  20.00    ,  3.553    ,  0.000    ,  0.000    ,  0.000    
 106.2,      1005.1,   0.0000,  0.656E-02,    0.000,  20.00    ,  0.000    ,  0.000    ,  0.000    ,  0.000    
 112.5,      1003.7,   0.0000,  0.641E-02,    0.000,  20.00    ,  0.000    ,  0.000    ,  0.000    ,  0.000    
 118.7,      1002.5,   0.0000,  0.625E-02,    0.000,  20.00    ,  0.000    ,  0.000    ,  0.000    ,  0.000    
 125.0,      1001.3,   0.5035,  0.610E-02,    4.227,  19.84    , -1.687    ,  0.000    ,  0.000    ,  0.000    
 137.5,       989.3,   0.5032,  0.446E-02,    4.226,  16.83    , -1.544    ,  0.000    ,  0.000    ,  0.000    
 150.0,       981.7,   0.5030,  0.315E-02,    4.226,  14.06    , -1.432    ,  0.000    ,  0.000    ,  0.000    
 162.5,       977.1,   0.5028,  0.211E-02,    4.226,  11.46    , -1.347    ,  0.000    ,  0.000    ,  0.000    
 175.0,       974.6,   0.5027,  0.131E-02,    4.226,  9.006    , -1.283    ,  0.000    ,  0.000    ,  0.000    
 187.5,       973.3,   0.5026,  0.724E-03,    4.226,  6.649    , -1.238    ,  0.000    ,  0.000    ,  0.000    
 200.0,       972.8,   0.5025,  0.317E-03,    4.226,  4.362    , -1.207    ,  0.000    ,  0.000    ,  0.000    
 212.5,       972.6,   0.5025,  0.786E-04,    4.226,  2.117    , -1.191    ,  0.000    ,  0.000    ,  0.000    
 225.0,       972.6,   0.5025,   0.00    ,    4.226,  0.000    , -1.188    ,  0.000    ,  0.000    ,  0.000    
  
  
  
Distance   C Elec    C Sol Surf  Liq Pot    Solid Pot  Liq Cur   j main     j side 1    j side 2    j side 3
(microns)    (mol/m3)   x or y     (V)         (V)     (A/m2)     (A/m2)       (A/m2)      (A/m2)      (A/m2)
 t =       3.203908E-01 min
  -0.0,      1040.9,   0.5957,  0.121E-01,    0.192, 0.4160E-01, 0.3698    ,  0.000    ,  0.000    ,  0.000    
  12.5,      1041.2,   0.5955,  0.121E-01,    0.192, 0.8848    , 0.3843    ,  0.000    ,  0.000    ,  0.000    
  25.0,      1041.8,   0.5949,  0.121E-01,    0.192,  1.809    , 0.4393    ,  0.000    ,  0.000    ,  0.000    
  37.5,      1042.5,   0.5937,  0.119E-01,    0.192,  2.921    , 0.5490    ,  0.000    ,  0.000    ,  0.000    
  50.0,      1042.8,   0.5917,  0.117E-01,    0.192,  4.375    , 0.7407    ,  0.000    ,  0.000    ,  0.000    
  62.5,      1041.7,   0.5883,  0.113E-01,    0.192,  6.406    ,  1.059    ,  0.000    ,  0.000    ,  0.000    
  75.0,      1037.6,   0.5827,  0.107E-01,    0.192,  9.379    ,  1.570    ,  0.000    ,  0.000    ,  0.000    
  87.5,      1028.3,   0.5740,  0.961E-02,    0.192,  13.82    ,  2.350    ,  0.000    ,  0.000    ,  0.000    
 100.0,      1010.6,   0.5609,  0.794E-02,    0.192,  20.00    ,  3.414    ,  0.000    ,  0.000    ,  0.000    
 106.2,      1008.7,   0.0000,  0.777E-02,    0.000,  20.00    ,  0.000    ,  0.000    ,  0.000    ,  0.000    
 112.5,      1006.8,   0.0000,  0.760E-02,    0.000,  20.00    ,  0.000    ,  0.000    ,  0.000    ,  0.000    
 118.7,      1004.9,   0.0000,  0.743E-02,    0.000,  20.00    ,  0.000    ,  0.000    ,  0.000    ,  0.000    
 125.0,      1003.1,   0.5061,  0.726E-02,    4.225,  19.84    , -1.729    ,  0.000    ,  0.000    ,  0.000    
 137.5,       983.5,   0.5056,  0.538E-02,    4.225,  16.76    , -1.574    ,  0.000    ,  0.000    ,  0.000    
 150.0,       968.7,   0.5052,  0.384E-02,    4.225,  13.94    , -1.450    ,  0.000    ,  0.000    ,  0.000    
 162.5,       957.7,   0.5049,  0.260E-02,    4.225,  11.33    , -1.353    ,  0.000    ,  0.000    ,  0.000    
 175.0,       949.7,   0.5046,  0.163E-02,    4.225,  8.871    , -1.279    ,  0.000    ,  0.000    ,  0.000    
 187.5,       944.1,   0.5044,  0.902E-03,    4.225,  6.532    , -1.224    ,  0.000    ,  0.000    ,  0.000    
 200.0,       940.4,   0.5043,  0.396E-03,    4.225,  4.277    , -1.188    ,  0.000    ,  0.000    ,  0.000    
 212.5,       938.4,   0.5042,  0.984E-04,    4.225,  2.073    , -1.168    ,  0.000    ,  0.000    ,  0.000    
 225.0,       937.7,   0.5042,   0.00    ,    4.225,  0.000    , -1.163    ,  0.000    ,  0.000    ,  0.000    
  
  
  
Distance   C Elec    C Sol Surf  Liq Pot    Solid Pot  Liq Cur   j main     j side 1    j side 2    j side 3
(microns)    (mol/m3)   x or y     (V)         (V)     (A/m2)     (A/m2)       (A/m2)      (A/m2)      (A/m2)
 t =       8.357924E-01 min
  -0.0,      1078.2,   0.5933,  0.147E-01,    0.194, 0.3754E-01, 0.3337    ,  0.000    ,  0.000    ,  0.000    
  12.5,      1078.0,   0.5930,  0.146E-01,    0.194, 0.8067    , 0.3563    ,  0.000    ,  0.000    ,  0.000    
  25.0,      1077.1,   0.5917,  0.145E-01,    0.194,  1.694    , 0.4349    ,  0.000    ,  0.000    ,  0.000    
  37.5,      1075.2,   0.5892,  0.143E-01,    0.194,  2.843    , 0.5846    ,  0.000    ,  0.000    ,  0.000    
  50.0,      1071.6,   0.5851,  0.140E-01,    0.194,  4.442    , 0.8308    ,  0.000    ,  0.000    ,  0.000    
  62.5,      1065.3,   0.5785,  0.134E-01,    0.194,  6.747    ,  1.204    ,  0.000    ,  0.000    ,  0.000    
  75.0,      1054.6,   0.5688,  0.126E-01,    0.194,  10.07    ,  1.716    ,  0.000    ,  0.000    ,  0.000    
  87.5,      1037.6,   0.5558,  0.113E-01,    0.194,  14.63    ,  2.279    ,  0.000    ,  0.000    ,  0.000    
 100.0,      1012.2,   0.5415,  0.933E-02,    0.194,  20.00    ,  2.675    ,  0.000    ,  0.000    ,  0.000    
 106.2,      1009.7,   0.0000,  0.914E-02,    0.000,  20.00    ,  0.000    ,  0.000    ,  0.000    ,  0.000    
 112.5,      1007.2,   0.0000,  0.895E-02,    0.000,  20.00    ,  0.000    ,  0.000    ,  0.000    ,  0.000    
 118.7,      1004.8,   0.0000,  0.876E-02,    0.000,  20.00    ,  0.000    ,  0.000    ,  0.000    ,  0.000    
 125.0,      1002.3,   0.5109,  0.857E-02,    4.222,  19.84    , -1.741    ,  0.000    ,  0.000    ,  0.000    
 137.5,       974.9,   0.5100,  0.645E-02,    4.222,  16.73    , -1.588    ,  0.000    ,  0.000    ,  0.000    
 150.0,       952.6,   0.5092,  0.466E-02,    4.222,  13.89    , -1.461    ,  0.000    ,  0.000    ,  0.000    
 162.5,       934.9,   0.5086,  0.319E-02,    4.222,  11.26    , -1.359    ,  0.000    ,  0.000    ,  0.000    
 175.0,       921.1,   0.5081,  0.202E-02,    4.222,  8.799    , -1.279    ,  0.000    ,  0.000    ,  0.000    
 187.5,       910.7,   0.5077,  0.113E-02,    4.222,  6.467    , -1.218    ,  0.000    ,  0.000    ,  0.000    
 200.0,       903.6,   0.5075,  0.499E-03,    4.222,  4.228    , -1.177    ,  0.000    ,  0.000    ,  0.000    
 212.5,       899.4,   0.5073,  0.124E-03,    4.222,  2.047    , -1.154    ,  0.000    ,  0.000    ,  0.000    
 225.0,       898.0,   0.5073,   0.00    ,    4.222,  0.000    , -1.148    ,  0.000    ,  0.000    ,  0.000    
  
  
  
Distance   C Elec    C Sol Surf  Liq Pot    Solid Pot  Liq Cur   j main     j side 1    j side 2    j side 3
(microns)    (mol/m3)   x or y     (V)         (V)     (A/m2)     (A/m2)       (A/m2)      (A/m2)      (A/m2)
 t =       2.172611E+00 min
  -0.0,      1112.3,   0.5860,  0.175E-01,    0.197, 0.5774E-01, 0.5133    ,  0.000    ,  0.000    ,  0.000    
  12.5,      1111.3,   0.5850,  0.174E-01,    0.197,  1.245    , 0.5513    ,  0.000    ,  0.000    ,  0.000    
  25.0,      1108.5,   0.5818,  0.172E-01,    0.197,  2.619    , 0.6719    ,  0.000    ,  0.000    ,  0.000    
  37.5,      1103.1,   0.5760,  0.169E-01,    0.197,  4.369    , 0.8770    ,  0.000    ,  0.000    ,  0.000    
  50.0,      1094.3,   0.5674,  0.162E-01,    0.197,  6.670    ,  1.148    ,  0.000    ,  0.000    ,  0.000    
  62.5,      1081.2,   0.5565,  0.153E-01,    0.197,  9.593    ,  1.413    ,  0.000    ,  0.000    ,  0.000    
  75.0,      1062.7,   0.5449,  0.141E-01,    0.197,  12.99    ,  1.570    ,  0.000    ,  0.000    ,  0.000    
  87.5,      1038.3,   0.5344,  0.123E-01,    0.197,  16.58    ,  1.604    ,  0.000    ,  0.000    ,  0.000    
 100.0,      1008.2,   0.5253,  0.102E-01,    0.197,  20.00    ,  1.590    ,  0.000    ,  0.000    ,  0.000    
 106.2,      1005.4,   0.0000,  0.999E-02,    0.000,  20.00    ,  0.000    ,  0.000    ,  0.000    ,  0.000    
 112.5,      1002.7,   0.0000,  0.980E-02,    0.000,  20.00    ,  0.000    ,  0.000    ,  0.000    ,  0.000    
 118.7,      1000.0,   0.0000,  0.960E-02,    0.000,  20.00    ,  0.000    ,  0.000    ,  0.000    ,  0.000    
 125.0,       997.3,   0.5193,  0.940E-02,    4.216,  19.86    , -1.480    ,  0.000    ,  0.000    ,  0.000    
 137.5,       966.9,   0.5181,  0.716E-02,    4.216,  17.11    , -1.458    ,  0.000    ,  0.000    ,  0.000    
 150.0,       941.5,   0.5170,  0.523E-02,    4.216,  14.41    , -1.416    ,  0.000    ,  0.000    ,  0.000    
 162.5,       920.7,   0.5161,  0.362E-02,    4.216,  11.81    , -1.367    ,  0.000    ,  0.000    ,  0.000    
 175.0,       904.2,   0.5153,  0.230E-02,    4.216,  9.295    , -1.319    ,  0.000    ,  0.000    ,  0.000    
 187.5,       891.7,   0.5147,  0.129E-02,    4.216,  6.865    , -1.278    ,  0.000    ,  0.000    ,  0.000    
 200.0,       882.9,   0.5142,  0.573E-03,    4.216,  4.502    , -1.248    ,  0.000    ,  0.000    ,  0.000    
 212.5,       877.7,   0.5140,  0.143E-03,    4.216,  2.183    , -1.230    ,  0.000    ,  0.000    ,  0.000    
 225.0,       875.9,   0.5139,   0.00    ,    4.216,  0.000    , -1.225    ,  0.000    ,  0.000    ,  0.000    
  
  
  
Distance   C Elec    C Sol Surf  Liq Pot    Solid Pot  Liq Cur   j main     j side 1    j side 2    j side 3
(microns)    (mol/m3)   x or y     (V)         (V)     (A/m2)     (A/m2)       (A/m2)      (A/m2)      (A/m2)
 t =       5.639976E+00 min
  -0.0,      1151.6,   0.5482,  0.204E-01,    0.203, 0.1435    ,  1.275    ,  0.000    ,  0.000    ,  0.000    
  12.5,      1148.9,   0.5467,  0.203E-01,    0.203,  3.011    ,  1.272    ,  0.000    ,  0.000    ,  0.000    
  25.0,      1141.0,   0.5426,  0.198E-01,    0.203,  5.850    ,  1.249    ,  0.000    ,  0.000    ,  0.000    
  37.5,      1128.1,   0.5370,  0.189E-01,    0.203,  8.600    ,  1.196    ,  0.000    ,  0.000    ,  0.000    
  50.0,      1110.3,   0.5310,  0.178E-01,    0.203,  11.20    ,  1.122    ,  0.000    ,  0.000    ,  0.000    
  62.5,      1088.3,   0.5250,  0.163E-01,    0.203,  13.63    ,  1.047    ,  0.000    ,  0.000    ,  0.000    
  75.0,      1062.3,   0.5193,  0.146E-01,    0.203,  15.90    , 0.9815    ,  0.000    ,  0.000    ,  0.000    
  87.5,      1033.0,   0.5137,  0.126E-01,    0.203,  18.05    , 0.9318    ,  0.000    ,  0.000    ,  0.000    
 100.0,      1000.6,   0.5081,  0.103E-01,    0.203,  20.00    , 0.8987    ,  0.000    ,  0.000    ,  0.000    
 106.2,       997.8,   0.0000,  0.101E-01,    0.000,  20.00    ,  0.000    ,  0.000    ,  0.000    ,  0.000    
 112.5,       995.0,   0.0000,  0.991E-02,    0.000,  20.00    ,  0.000    ,  0.000    ,  0.000    ,  0.000    
 118.7,       992.2,   0.0000,  0.971E-02,    0.000,  20.00    ,  0.000    ,  0.000    ,  0.000    ,  0.000    
 125.0,       989.5,   0.5368,  0.951E-02,    4.172,  19.85    , -1.636    ,  0.000    ,  0.000    ,  0.000    
 137.5,       958.5,   0.5352,  0.725E-02,    4.172,  16.92    , -1.501    ,  0.000    ,  0.000    ,  0.000    
 150.0,       932.7,   0.5339,  0.531E-02,    4.172,  14.22    , -1.402    ,  0.000    ,  0.000    ,  0.000    
 162.5,       911.4,   0.5329,  0.368E-02,    4.172,  11.66    , -1.333    ,  0.000    ,  0.000    ,  0.000    
 175.0,       894.5,   0.5322,  0.236E-02,    4.172,  9.214    , -1.286    ,  0.000    ,  0.000    ,  0.000    
 187.5,       881.5,   0.5317,  0.132E-02,    4.172,  6.835    , -1.257    ,  0.000    ,  0.000    ,  0.000    
 200.0,       872.4,   0.5313,  0.589E-03,    4.172,  4.499    , -1.239    ,  0.000    ,  0.000    ,  0.000    
 212.5,       866.9,   0.5311,  0.147E-03,    4.172,  2.187    , -1.230    ,  0.000    ,  0.000    ,  0.000    
 225.0,       865.1,   0.5311,   0.00    ,    4.172,  0.000    , -1.227    ,  0.000    ,  0.000    ,  0.000    
  
  
  
Distance   C Elec    C Sol Surf  Liq Pot    Solid Pot  Liq Cur   j main     j side 1    j side 2    j side 3
(microns)    (mol/m3)   x or y     (V)         (V)     (A/m2)     (A/m2)       (A/m2)      (A/m2)      (A/m2)
 t =       1.076995E+01 min
  -0.0,      1148.4,   0.4952,  0.208E-01,    0.219, 0.1309    ,  1.164    ,  0.000    ,  0.000    ,  0.000    
  12.5,      1145.9,   0.4948,  0.206E-01,    0.219,  2.742    ,  1.155    ,  0.000    ,  0.000    ,  0.000    
  25.0,      1138.5,   0.4938,  0.201E-01,    0.219,  5.315    ,  1.132    ,  0.000    ,  0.000    ,  0.000    
  37.5,      1126.5,   0.4920,  0.194E-01,    0.219,  7.825    ,  1.102    ,  0.000    ,  0.000    ,  0.000    
  50.0,      1110.0,   0.4895,  0.183E-01,    0.219,  10.27    ,  1.074    ,  0.000    ,  0.000    ,  0.000    
  62.5,      1089.2,   0.4862,  0.170E-01,    0.219,  12.66    ,  1.058    ,  0.000    ,  0.000    ,  0.000    
  75.0,      1064.5,   0.4820,  0.153E-01,    0.219,  15.05    ,  1.066    ,  0.000    ,  0.000    ,  0.000    
  87.5,      1036.0,   0.4764,  0.134E-01,    0.219,  17.50    ,  1.115    ,  0.000    ,  0.000    ,  0.000    
 100.0,      1003.8,   0.4686,  0.111E-01,    0.219,  20.00    ,  1.240    ,  0.000    ,  0.000    ,  0.000    
 106.2,      1001.0,   0.0000,  0.109E-01,    0.000,  20.00    ,  0.000    ,  0.000    ,  0.000    ,  0.000    
 112.5,       998.2,   0.0000,  0.107E-01,    0.000,  20.00    ,  0.000    ,  0.000    ,  0.000    ,  0.000    
 118.7,       995.4,   0.0000,  0.105E-01,    0.000,  20.00    ,  0.000    ,  0.000    ,  0.000    ,  0.000    
 125.0,       992.6,   0.5610,  0.103E-01,    4.141,  19.89    , -1.132    ,  0.000    ,  0.000    ,  0.000    
 137.5,       960.9,   0.5600,  0.804E-02,    4.141,  17.70    , -1.197    ,  0.000    ,  0.000    ,  0.000    
 150.0,       933.6,   0.5590,  0.598E-02,    4.141,  15.40    , -1.258    ,  0.000    ,  0.000    ,  0.000    
 162.5,       910.4,   0.5581,  0.420E-02,    4.141,  12.98    , -1.313    ,  0.000    ,  0.000    ,  0.000    
 175.0,       891.6,   0.5573,  0.271E-02,    4.141,  10.47    , -1.359    ,  0.000    ,  0.000    ,  0.000    
 187.5,       876.9,   0.5567,  0.154E-02,    4.141,  7.882    , -1.395    ,  0.000    ,  0.000    ,  0.000    
 200.0,       866.4,   0.5562,  0.687E-03,    4.141,  5.239    , -1.420    ,  0.000    ,  0.000    ,  0.000    
 212.5,       860.2,   0.5559,  0.172E-03,    4.141,  2.560    , -1.434    ,  0.000    ,  0.000    ,  0.000    
 225.0,       858.1,   0.5558,   0.00    ,    4.141,  0.000    , -1.438    ,  0.000    ,  0.000    ,  0.000    
  
  
  
Distance   C Elec    C Sol Surf  Liq Pot    Solid Pot  Liq Cur   j main     j side 1    j side 2    j side 3
(microns)    (mol/m3)   x or y     (V)         (V)     (A/m2)     (A/m2)       (A/m2)      (A/m2)      (A/m2)
 t =       1.589993E+01 min
  -0.0,      1128.0,   0.4636,  0.186E-01,    0.228, 0.9472E-01, 0.8420    ,  0.000    ,  0.000    ,  0.000    
  12.5,      1126.2,   0.4631,  0.185E-01,    0.228,  1.992    , 0.8452    ,  0.000    ,  0.000    ,  0.000    
  25.0,      1120.9,   0.4614,  0.182E-01,    0.228,  3.906    , 0.8573    ,  0.000    ,  0.000    ,  0.000    
  37.5,      1112.0,   0.4584,  0.176E-01,    0.228,  5.866    , 0.8853    ,  0.000    ,  0.000    ,  0.000    
  50.0,      1099.5,   0.4536,  0.168E-01,    0.228,  7.921    , 0.9424    ,  0.000    ,  0.000    ,  0.000    
  62.5,      1083.3,   0.4460,  0.157E-01,    0.228,  10.17    ,  1.053    ,  0.000    ,  0.000    ,  0.000    
  75.0,      1063.0,   0.4338,  0.144E-01,    0.228,  12.77    ,  1.260    ,  0.000    ,  0.000    ,  0.000    
  87.5,      1038.0,   0.4139,  0.127E-01,    0.228,  16.00    ,  1.608    ,  0.000    ,  0.000    ,  0.000    
 100.0,      1007.1,   0.3816,  0.105E-01,    0.228,  20.00    ,  2.154    ,  0.000    ,  0.000    ,  0.000    
 106.2,      1004.3,   0.0000,  0.103E-01,    0.000,  20.00    ,  0.000    ,  0.000    ,  0.000    ,  0.000    
 112.5,      1001.5,   0.0000,  0.102E-01,    0.000,  20.00    ,  0.000    ,  0.000    ,  0.000    ,  0.000    
 118.7,       998.7,   0.0000,  0.995E-02,    0.000,  20.00    ,  0.000    ,  0.000    ,  0.000    ,  0.000    
 125.0,       995.9,   0.5861,  0.975E-02,    4.068,  19.86    , -1.462    ,  0.000    ,  0.000    ,  0.000    
 137.5,       964.5,   0.5848,  0.747E-02,    4.068,  17.18    , -1.406    ,  0.000    ,  0.000    ,  0.000    
 150.0,       938.1,   0.5837,  0.550E-02,    4.068,  14.59    , -1.365    ,  0.000    ,  0.000    ,  0.000    
 162.5,       916.2,   0.5828,  0.382E-02,    4.068,  12.06    , -1.335    ,  0.000    ,  0.000    ,  0.000    
 175.0,       898.5,   0.5821,  0.245E-02,    4.068,  9.583    , -1.314    ,  0.000    ,  0.000    ,  0.000    
 187.5,       885.0,   0.5816,  0.138E-02,    4.068,  7.135    , -1.300    ,  0.000    ,  0.000    ,  0.000    
 200.0,       875.5,   0.5812,  0.615E-03,    4.068,  4.707    , -1.291    ,  0.000    ,  0.000    ,  0.000    
 212.5,       869.8,   0.5810,  0.154E-03,    4.068,  2.290    , -1.287    ,  0.000    ,  0.000    ,  0.000    
 225.0,       867.9,   0.5809,   0.00    ,    4.068,  0.000    , -1.286    ,  0.000    ,  0.000    ,  0.000    
  
  
  
Distance   C Elec    C Sol Surf  Liq Pot    Solid Pot  Liq Cur   j main     j side 1    j side 2    j side 3
(microns)    (mol/m3)   x or y     (V)         (V)     (A/m2)     (A/m2)       (A/m2)      (A/m2)      (A/m2)
 t =       2.102991E+01 min
  -0.0,      1118.4,   0.4381,  0.178E-01,    0.230, 0.7955E-01, 0.7071    ,  0.000    ,  0.000    ,  0.000    
  12.5,      1116.9,   0.4372,  0.177E-01,    0.230,  1.678    , 0.7161    ,  0.000    ,  0.000    ,  0.000    
  25.0,      1112.5,   0.4342,  0.174E-01,    0.230,  3.322    , 0.7460    ,  0.000    ,  0.000    ,  0.000    
  37.5,      1105.0,   0.4286,  0.169E-01,    0.230,  5.065    , 0.8024    ,  0.000    ,  0.000    ,  0.000    
  50.0,      1094.3,   0.4196,  0.162E-01,    0.230,  6.975    , 0.8930    ,  0.000    ,  0.000    ,  0.000    
  62.5,      1080.0,   0.4058,  0.153E-01,    0.230,  9.140    ,  1.025    ,  0.000    ,  0.000    ,  0.000    
  75.0,      1061.8,   0.3847,  0.141E-01,    0.230,  11.67    ,  1.223    ,  0.000    ,  0.000    ,  0.000    
  87.5,      1038.9,   0.3474,  0.125E-01,    0.230,  14.93    ,  1.751    ,  0.000    ,  0.000    ,  0.000    
 100.0,      1009.2,   0.2745,  0.105E-01,    0.230,  20.00    ,  2.145    ,  0.000    ,  0.000    ,  0.000    
 106.2,      1006.4,   0.0000,  0.103E-01,    0.000,  20.00    ,  0.000    ,  0.000    ,  0.000    ,  0.000    
 112.5,      1003.6,   0.0000,  0.101E-01,    0.000,  20.00    ,  0.000    ,  0.000    ,  0.000    ,  0.000    
 118.7,      1000.8,   0.0000,  0.986E-02,    0.000,  20.00    ,  0.000    ,  0.000    ,  0.000    ,  0.000    
 125.0,       998.0,   0.6146,  0.966E-02,    4.043,  19.86    , -1.452    ,  0.000    ,  0.000    ,  0.000    
 137.5,       966.8,   0.6120,  0.739E-02,    4.043,  17.18    , -1.419    ,  0.000    ,  0.000    ,  0.000    
 150.0,       940.5,   0.6099,  0.542E-02,    4.043,  14.55    , -1.384    ,  0.000    ,  0.000    ,  0.000    
 162.5,       918.8,   0.6080,  0.376E-02,    4.043,  11.99    , -1.350    ,  0.000    ,  0.000    ,  0.000    
 175.0,       901.4,   0.6066,  0.241E-02,    4.043,  9.492    , -1.320    ,  0.000    ,  0.000    ,  0.000    
 187.5,       888.2,   0.6055,  0.135E-02,    4.043,  7.044    , -1.295    ,  0.000    ,  0.000    ,  0.000    
 200.0,       878.8,   0.6047,  0.601E-03,    4.043,  4.635    , -1.277    ,  0.000    ,  0.000    ,  0.000    
 212.5,       873.3,   0.6042,  0.150E-03,    4.043,  2.252    , -1.267    ,  0.000    ,  0.000    ,  0.000    
 225.0,       871.4,   0.6041,   0.00    ,    4.043,  0.000    , -1.264    ,  0.000    ,  0.000    ,  0.000    
  
  
  
Distance   C Elec    C Sol Surf  Liq Pot    Solid Pot  Liq Cur   j main     j side 1    j side 2    j side 3
(microns)    (mol/m3)   x or y     (V)         (V)     (A/m2)     (A/m2)       (A/m2)      (A/m2)      (A/m2)
 t =       2.615989E+01 min
  -0.0,      1125.1,   0.4114,  0.187E-01,    0.233, 0.8109E-01, 0.7208    ,  0.000    ,  0.000    ,  0.000    
  12.5,      1123.6,   0.4100,  0.186E-01,    0.233,  1.713    , 0.7325    ,  0.000    ,  0.000    ,  0.000    
  25.0,      1119.2,   0.4056,  0.183E-01,    0.233,  3.402    , 0.7697    ,  0.000    ,  0.000    ,  0.000    
  37.5,      1111.6,   0.3974,  0.178E-01,    0.233,  5.210    , 0.8368    ,  0.000    ,  0.000    ,  0.000    
  50.0,      1100.7,   0.3843,  0.171E-01,    0.233,  7.221    , 0.9495    ,  0.000    ,  0.000    ,  0.000    
  62.5,      1086.0,   0.3630,  0.161E-01,    0.233,  9.610    ,  1.188    ,  0.000    ,  0.000    ,  0.000    
  75.0,      1066.5,   0.3149,  0.148E-01,    0.233,  13.22    ,  2.178    ,  0.000    ,  0.000    ,  0.000    
  87.5,      1039.6,   0.2677,  0.130E-01,    0.233,  17.70    ,  1.464    ,  0.000    ,  0.000    ,  0.000    
 100.0,      1007.3,   0.2530,  0.107E-01,    0.233,  20.00    , 0.8263    ,  0.000    ,  0.000    ,  0.000    
 106.2,      1004.5,   0.0000,  0.105E-01,    0.000,  20.00    ,  0.000    ,  0.000    ,  0.000    ,  0.000    
 112.5,      1001.7,   0.0000,  0.103E-01,    0.000,  20.00    ,  0.000    ,  0.000    ,  0.000    ,  0.000    
 118.7,       999.0,   0.0000,  0.101E-01,    0.000,  20.00    ,  0.000    ,  0.000    ,  0.000    ,  0.000    
 125.0,       996.2,   0.6394,  0.994E-02,    4.020,  19.88    , -1.314    ,  0.000    ,  0.000    ,  0.000    
 137.5,       964.8,   0.6370,  0.766E-02,    4.020,  17.40    , -1.323    ,  0.000    ,  0.000    ,  0.000    
 150.0,       938.2,   0.6349,  0.566E-02,    4.020,  14.92    , -1.329    ,  0.000    ,  0.000    ,  0.000    
 162.5,       915.9,   0.6330,  0.395E-02,    4.020,  12.42    , -1.334    ,  0.000    ,  0.000    ,  0.000    
 175.0,       897.9,   0.6315,  0.253E-02,    4.020,  9.915    , -1.337    ,  0.000    ,  0.000    ,  0.000    
 187.5,       884.1,   0.6304,  0.143E-02,    4.020,  7.407    , -1.338    ,  0.000    ,  0.000    ,  0.000    
 200.0,       874.3,   0.6295,  0.637E-03,    4.020,  4.897    , -1.339    ,  0.000    ,  0.000    ,  0.000    
 212.5,       868.4,   0.6291,  0.159E-03,    4.020,  2.386    , -1.339    ,  0.000    ,  0.000    ,  0.000    
 225.0,       866.5,   0.6289,   0.00    ,    4.020,  0.000    , -1.339    ,  0.000    ,  0.000    ,  0.000    
  
  
  
Distance   C Elec    C Sol Surf  Liq Pot    Solid Pot  Liq Cur   j main     j side 1    j side 2    j side 3
(microns)    (mol/m3)   x or y     (V)         (V)     (A/m2)     (A/m2)       (A/m2)      (A/m2)      (A/m2)
 t =       3.128987E+01 min
  -0.0,      1142.6,   0.3808,  0.202E-01,    0.236, 0.9140E-01, 0.8124    ,  0.000    ,  0.000    ,  0.000    
  12.5,      1140.9,   0.3787,  0.201E-01,    0.236,  1.937    , 0.8331    ,  0.000    ,  0.000    ,  0.000    
  25.0,      1135.8,   0.3717,  0.198E-01,    0.236,  3.891    , 0.9075    ,  0.000    ,  0.000    ,  0.000    
  37.5,      1127.0,   0.3578,  0.192E-01,    0.236,  6.131    ,  1.095    ,  0.000    ,  0.000    ,  0.000    
  50.0,      1113.7,   0.3273,  0.183E-01,    0.236,  9.218    ,  1.730    ,  0.000    ,  0.000    ,  0.000    
  62.5,      1093.5,   0.2786,  0.170E-01,    0.236,  13.87    ,  1.866    ,  0.000    ,  0.000    ,  0.000    
  75.0,      1066.3,   0.2603,  0.152E-01,    0.236,  16.97    ,  1.071    ,  0.000    ,  0.000    ,  0.000    
  87.5,      1035.2,   0.2494,  0.131E-01,    0.236,  18.84    , 0.6703    ,  0.000    ,  0.000    ,  0.000    
 100.0,      1002.1,   0.2408,  0.107E-01,    0.236,  20.00    , 0.4498    ,  0.000    ,  0.000    ,  0.000    
 106.2,       999.4,   0.0000,  0.105E-01,    0.000,  20.00    ,  0.000    ,  0.000    ,  0.000    ,  0.000    
 112.5,       996.6,   0.0000,  0.103E-01,    0.000,  20.00    ,  0.000    ,  0.000    ,  0.000    ,  0.000    
 118.7,       993.8,   0.0000,  0.101E-01,    0.000,  20.00    ,  0.000    ,  0.000    ,  0.000    ,  0.000    
 125.0,       991.1,   0.6641,  0.993E-02,    3.993,  19.87    , -1.336    ,  0.000    ,  0.000    ,  0.000    
 137.5,       959.9,   0.6617,  0.765E-02,    3.993,  17.37    , -1.333    ,  0.000    ,  0.000    ,  0.000    
 150.0,       933.3,   0.6597,  0.565E-02,    3.993,  14.88    , -1.332    ,  0.000    ,  0.000    ,  0.000    
 162.5,       911.2,   0.6579,  0.394E-02,    3.993,  12.38    , -1.332    ,  0.000    ,  0.000    ,  0.000    
 175.0,       893.4,   0.6565,  0.253E-02,    3.993,  9.881    , -1.333    ,  0.000    ,  0.000    ,  0.000    
 187.5,       879.6,   0.6554,  0.143E-02,    3.993,  7.381    , -1.333    ,  0.000    ,  0.000    ,  0.000    
 200.0,       869.9,   0.6546,  0.636E-03,    3.993,  4.880    , -1.334    ,  0.000    ,  0.000    ,  0.000    
 212.5,       864.0,   0.6541,  0.159E-03,    3.993,  2.378    , -1.335    ,  0.000    ,  0.000    ,  0.000    
 225.0,       862.1,   0.6540,   0.00    ,    3.993,  0.000    , -1.335    ,  0.000    ,  0.000    ,  0.000    
  
  
  
Distance   C Elec    C Sol Surf  Liq Pot    Solid Pot  Liq Cur   j main     j side 1    j side 2    j side 3
(microns)    (mol/m3)   x or y     (V)         (V)     (A/m2)     (A/m2)       (A/m2)      (A/m2)      (A/m2)
 t =       3.641984E+01 min
  -0.0,      1172.1,   0.3368,  0.224E-01,    0.240, 0.1420    ,  1.262    ,  0.000    ,  0.000    ,  0.000    
  12.5,      1169.4,   0.3304,  0.222E-01,    0.240,  3.115    ,  1.424    ,  0.000    ,  0.000    ,  0.000    
  25.0,      1160.7,   0.3060,  0.217E-01,    0.240,  6.963    ,  1.982    ,  0.000    ,  0.000    ,  0.000    
  37.5,      1144.1,   0.2775,  0.206E-01,    0.240,  11.35    ,  1.732    ,  0.000    ,  0.000    ,  0.000    
  50.0,      1120.6,   0.2626,  0.191E-01,    0.240,  14.50    ,  1.164    ,  0.000    ,  0.000    ,  0.000    
  62.5,      1092.6,   0.2525,  0.173E-01,    0.240,  16.65    , 0.8052    ,  0.000    ,  0.000    ,  0.000    
  75.0,      1062.0,   0.2442,  0.153E-01,    0.240,  18.15    , 0.5689    ,  0.000    ,  0.000    ,  0.000    
  87.5,      1029.6,   0.2369,  0.130E-01,    0.240,  19.22    , 0.4159    ,  0.000    ,  0.000    ,  0.000    
 100.0,       996.3,   0.2304,  0.107E-01,    0.240,  20.00    , 0.3231    ,  0.000    ,  0.000    ,  0.000    
 106.2,       993.5,   0.0000,  0.105E-01,    0.000,  20.00    ,  0.000    ,  0.000    ,  0.000    ,  0.000    
 112.5,       990.8,   0.0000,  0.103E-01,    0.000,  20.00    ,  0.000    ,  0.000    ,  0.000    ,  0.000    
 118.7,       988.0,   0.0000,  0.101E-01,    0.000,  20.00    ,  0.000    ,  0.000    ,  0.000    ,  0.000    
 125.0,       985.3,   0.6897,  0.987E-02,    3.968,  19.87    , -1.379    ,  0.000    ,  0.000    ,  0.000    
 137.5,       954.3,   0.6870,  0.759E-02,    3.968,  17.31    , -1.360    ,  0.000    ,  0.000    ,  0.000    
 150.0,       928.0,   0.6848,  0.560E-02,    3.968,  14.77    , -1.346    ,  0.000    ,  0.000    ,  0.000    
 162.5,       906.1,   0.6828,  0.390E-02,    3.968,  12.26    , -1.335    ,  0.000    ,  0.000    ,  0.000    
 175.0,       888.5,   0.6813,  0.250E-02,    3.968,  9.764    , -1.327    ,  0.000    ,  0.000    ,  0.000    
 187.5,       874.9,   0.6801,  0.141E-02,    3.968,  7.282    , -1.321    ,  0.000    ,  0.000    ,  0.000    
 200.0,       865.4,   0.6793,  0.628E-03,    3.968,  4.809    , -1.317    ,  0.000    ,  0.000    ,  0.000    
 212.5,       859.6,   0.6788,  0.157E-03,    3.968,  2.342    , -1.315    ,  0.000    ,  0.000    ,  0.000    
 225.0,       857.7,   0.6786,   0.00    ,    3.968,  0.000    , -1.315    ,  0.000    ,  0.000    ,  0.000    
  
  
  
Distance   C Elec    C Sol Surf  Liq Pot    Solid Pot  Liq Cur   j main     j side 1    j side 2    j side 3
(microns)    (mol/m3)   x or y     (V)         (V)     (A/m2)     (A/m2)       (A/m2)      (A/m2)      (A/m2)
 t =       4.154982E+01 min
  -0.0,      1174.5,   0.2455,  0.223E-01,    0.248, 0.2100    ,  1.867    ,  0.000    ,  0.000    ,  0.000    
  12.5,      1170.5,   0.2443,  0.221E-01,    0.248,  4.320    ,  1.763    ,  0.000    ,  0.000    ,  0.000    
  25.0,      1159.0,   0.2413,  0.214E-01,    0.248,  7.996    ,  1.516    ,  0.000    ,  0.000    ,  0.000    
  37.5,      1141.1,   0.2372,  0.203E-01,    0.248,  11.07    ,  1.245    ,  0.000    ,  0.000    ,  0.000    
  50.0,      1118.2,   0.2326,  0.188E-01,    0.248,  13.57    ,  1.012    ,  0.000    ,  0.000    ,  0.000    
  62.5,      1091.6,   0.2278,  0.171E-01,    0.248,  15.62    , 0.8313    ,  0.000    ,  0.000    ,  0.000    
  75.0,      1062.0,   0.2229,  0.151E-01,    0.248,  17.32    , 0.6997    ,  0.000    ,  0.000    ,  0.000    
  87.5,      1030.3,   0.2179,  0.130E-01,    0.248,  18.77    , 0.6087    ,  0.000    ,  0.000    ,  0.000    
 100.0,       996.8,   0.2129,  0.106E-01,    0.248,  20.00    , 0.5489    ,  0.000    ,  0.000    ,  0.000    
 106.2,       994.0,   0.0000,  0.104E-01,    0.000,  20.00    ,  0.000    ,  0.000    ,  0.000    ,  0.000    
 112.5,       991.2,   0.0000,  0.102E-01,    0.000,  20.00    ,  0.000    ,  0.000    ,  0.000    ,  0.000    
 118.7,       988.5,   0.0000,  0.100E-01,    0.000,  20.00    ,  0.000    ,  0.000    ,  0.000    ,  0.000    
 125.0,       985.7,   0.7160,  0.983E-02,    3.947,  19.87    , -1.418    ,  0.000    ,  0.000    ,  0.000    
 137.5,       954.5,   0.7128,  0.755E-02,    3.947,  17.24    , -1.385    ,  0.000    ,  0.000    ,  0.000    
 150.0,       928.1,   0.7101,  0.556E-02,    3.947,  14.67    , -1.359    ,  0.000    ,  0.000    ,  0.000    
 162.5,       906.2,   0.7078,  0.387E-02,    3.947,  12.15    , -1.338    ,  0.000    ,  0.000    ,  0.000    
 175.0,       888.7,   0.7060,  0.248E-02,    3.947,  9.657    , -1.322    ,  0.000    ,  0.000    ,  0.000    
 187.5,       875.2,   0.7046,  0.140E-02,    3.947,  7.192    , -1.310    ,  0.000    ,  0.000    ,  0.000    
 200.0,       865.6,   0.7037,  0.621E-03,    3.947,  4.745    , -1.302    ,  0.000    ,  0.000    ,  0.000    
 212.5,       859.9,   0.7031,  0.155E-03,    3.947,  2.309    , -1.297    ,  0.000    ,  0.000    ,  0.000    
 225.0,       858.0,   0.7029,   0.00    ,    3.947,  0.000    , -1.296    ,  0.000    ,  0.000    ,  0.000    
  
  
  
Distance   C Elec    C Sol Surf  Liq Pot    Solid Pot  Liq Cur   j main     j side 1    j side 2    j side 3
(microns)    (mol/m3)   x or y     (V)         (V)     (A/m2)     (A/m2)       (A/m2)      (A/m2)      (A/m2)
 t =       4.667980E+01 min
  -0.0,      1155.6,   0.1957,  0.209E-01,    0.268, 0.1532    ,  1.362    ,  0.000    ,  0.000    ,  0.000    
  12.5,      1152.8,   0.1954,  0.207E-01,    0.268,  3.194    ,  1.335    ,  0.000    ,  0.000    ,  0.000    
  25.0,      1144.3,   0.1943,  0.202E-01,    0.268,  6.115    ,  1.264    ,  0.000    ,  0.000    ,  0.000    
  37.5,      1130.5,   0.1926,  0.193E-01,    0.268,  8.850    ,  1.176    ,  0.000    ,  0.000    ,  0.000    
  50.0,      1112.0,   0.1904,  0.181E-01,    0.268,  11.39    ,  1.091    ,  0.000    ,  0.000    ,  0.000    
  62.5,      1089.3,   0.1878,  0.166E-01,    0.268,  13.75    ,  1.018    ,  0.000    ,  0.000    ,  0.000    
  75.0,      1062.9,   0.1847,  0.149E-01,    0.268,  15.97    , 0.9611    ,  0.000    ,  0.000    ,  0.000    
  87.5,      1033.1,   0.1812,  0.128E-01,    0.268,  18.07    , 0.9182    ,  0.000    ,  0.000    ,  0.000    
 100.0,      1000.4,   0.1773,  0.105E-01,    0.268,  20.00    , 0.8876    ,  0.000    ,  0.000    ,  0.000    
 106.2,       997.6,   0.0000,  0.103E-01,    0.000,  20.00    ,  0.000    ,  0.000    ,  0.000    ,  0.000    
 112.5,       994.8,   0.0000,  0.101E-01,    0.000,  20.00    ,  0.000    ,  0.000    ,  0.000    ,  0.000    
 118.7,       992.0,   0.0000,  0.995E-02,    0.000,  20.00    ,  0.000    ,  0.000    ,  0.000    ,  0.000    
 125.0,       989.3,   0.7430,  0.975E-02,    3.931,  19.86    , -1.453    ,  0.000    ,  0.000    ,  0.000    
 137.5,       958.1,   0.7390,  0.747E-02,    3.931,  17.19    , -1.407    ,  0.000    ,  0.000    ,  0.000    
 150.0,       931.8,   0.7356,  0.549E-02,    3.931,  14.59    , -1.369    ,  0.000    ,  0.000    ,  0.000    
 162.5,       910.1,   0.7329,  0.382E-02,    3.931,  12.05    , -1.340    ,  0.000    ,  0.000    ,  0.000    
 175.0,       892.6,   0.7307,  0.245E-02,    3.931,  9.567    , -1.317    ,  0.000    ,  0.000    ,  0.000    
 187.5,       879.3,   0.7290,  0.138E-02,    3.931,  7.116    , -1.300    ,  0.000    ,  0.000    ,  0.000    
 200.0,       869.8,   0.7278,  0.612E-03,    3.931,  4.690    , -1.289    ,  0.000    ,  0.000    ,  0.000    
 212.5,       864.2,   0.7271,  0.153E-03,    3.931,  2.282    , -1.282    ,  0.000    ,  0.000    ,  0.000    
 225.0,       862.3,   0.7269,   0.00    ,    3.931,  0.000    , -1.280    ,  0.000    ,  0.000    ,  0.000    
  
  
  
Distance   C Elec    C Sol Surf  Liq Pot    Solid Pot  Liq Cur   j main     j side 1    j side 2    j side 3
(microns)    (mol/m3)   x or y     (V)         (V)     (A/m2)     (A/m2)       (A/m2)      (A/m2)      (A/m2)
 t =       5.180978E+01 min
  -0.0,      1149.2,   0.1516,  0.203E-01,    0.294, 0.1362    ,  1.211    ,  0.000    ,  0.000    ,  0.000    
  12.5,      1146.7,   0.1513,  0.202E-01,    0.294,  2.853    ,  1.202    ,  0.000    ,  0.000    ,  0.000    
  25.0,      1139.1,   0.1506,  0.197E-01,    0.294,  5.528    ,  1.177    ,  0.000    ,  0.000    ,  0.000    
  37.5,      1126.7,   0.1494,  0.189E-01,    0.294,  8.137    ,  1.144    ,  0.000    ,  0.000    ,  0.000    
  50.0,      1109.7,   0.1477,  0.178E-01,    0.294,  10.67    ,  1.111    ,  0.000    ,  0.000    ,  0.000    
  62.5,      1088.3,   0.1456,  0.164E-01,    0.294,  13.13    ,  1.079    ,  0.000    ,  0.000    ,  0.000    
  75.0,      1063.0,   0.1431,  0.147E-01,    0.294,  15.52    ,  1.049    ,  0.000    ,  0.000    ,  0.000    
  87.5,      1033.9,   0.1403,  0.128E-01,    0.294,  17.85    ,  1.022    ,  0.000    ,  0.000    ,  0.000    
 100.0,      1001.5,   0.1372,  0.105E-01,    0.294,  20.00    , 0.9961    ,  0.000    ,  0.000    ,  0.000    
 106.2,       998.7,   0.0000,  0.103E-01,    0.000,  20.00    ,  0.000    ,  0.000    ,  0.000    ,  0.000    
 112.5,       995.9,   0.0000,  0.101E-01,    0.000,  20.00    ,  0.000    ,  0.000    ,  0.000    ,  0.000    
 118.7,       993.1,   0.0000,  0.988E-02,    0.000,  20.00    ,  0.000    ,  0.000    ,  0.000    ,  0.000    
 125.0,       990.4,   0.7706,  0.968E-02,    3.919,  19.86    , -1.487    ,  0.000    ,  0.000    ,  0.000    
 137.5,       959.3,   0.7655,  0.740E-02,    3.919,  17.14    , -1.427    ,  0.000    ,  0.000    ,  0.000    
 150.0,       933.1,   0.7613,  0.544E-02,    3.919,  14.51    , -1.380    ,  0.000    ,  0.000    ,  0.000    
 162.5,       911.5,   0.7579,  0.378E-02,    3.919,  11.96    , -1.342    ,  0.000    ,  0.000    ,  0.000    
 175.0,       894.3,   0.7552,  0.242E-02,    3.919,  9.480    , -1.313    ,  0.000    ,  0.000    ,  0.000    
 187.5,       881.0,   0.7531,  0.136E-02,    3.919,  7.043    , -1.291    ,  0.000    ,  0.000    ,  0.000    
 200.0,       871.7,   0.7517,  0.605E-03,    3.919,  4.639    , -1.276    ,  0.000    ,  0.000    ,  0.000    
 212.5,       866.1,   0.7509,  0.151E-03,    3.919,  2.255    , -1.268    ,  0.000    ,  0.000    ,  0.000    
 225.0,       864.3,   0.7507,   0.00    ,    3.919,  0.000    , -1.266    ,  0.000    ,  0.000    ,  0.000    
  
  
  
Distance   C Elec    C Sol Surf  Liq Pot    Solid Pot  Liq Cur   j main     j side 1    j side 2    j side 3
(microns)    (mol/m3)   x or y     (V)         (V)     (A/m2)     (A/m2)       (A/m2)      (A/m2)      (A/m2)
 t =       5.693976E+01 min
  -0.0,      1130.9,   0.1146,  0.188E-01,    0.317, 0.1007    , 0.8954    ,  0.000    ,  0.000    ,  0.000    
  12.5,      1129.0,   0.1143,  0.186E-01,    0.317,  2.115    , 0.8952    ,  0.000    ,  0.000    ,  0.000    
  25.0,      1123.3,   0.1135,  0.183E-01,    0.317,  4.131    , 0.8972    ,  0.000    ,  0.000    ,  0.000    
  37.5,      1113.9,   0.1120,  0.177E-01,    0.317,  6.161    , 0.9084    ,  0.000    ,  0.000    ,  0.000    
  50.0,      1100.8,   0.1095,  0.168E-01,    0.317,  8.241    , 0.9422    ,  0.000    ,  0.000    ,  0.000    
  62.5,      1083.9,   0.1055,  0.157E-01,    0.317,  10.46    ,  1.031    ,  0.000    ,  0.000    ,  0.000    
  75.0,      1063.0,   0.0981,  0.144E-01,    0.317,  13.04    ,  1.279    ,  0.000    ,  0.000    ,  0.000    
  87.5,      1037.4,   0.0850,  0.126E-01,    0.317,  16.42    ,  1.657    ,  0.000    ,  0.000    ,  0.000    
 100.0,      1006.0,   0.0724,  0.104E-01,    0.317,  20.00    ,  1.642    ,  0.000    ,  0.000    ,  0.000    
 106.2,      1003.2,   0.0000,  0.102E-01,    0.000,  20.00    ,  0.000    ,  0.000    ,  0.000    ,  0.000    
 112.5,      1000.4,   0.0000,  0.100E-01,    0.000,  20.00    ,  0.000    ,  0.000    ,  0.000    ,  0.000    
 118.7,       997.6,   0.0000,  0.983E-02,    0.000,  20.00    ,  0.000    ,  0.000    ,  0.000    ,  0.000    
 125.0,       994.8,   0.7988,  0.963E-02,    3.910,  19.86    , -1.517    ,  0.000    ,  0.000    ,  0.000    
 137.5,       963.5,   0.7925,  0.736E-02,    3.910,  17.09    , -1.446    ,  0.000    ,  0.000    ,  0.000    
 150.0,       937.3,   0.7873,  0.540E-02,    3.910,  14.44    , -1.389    ,  0.000    ,  0.000    ,  0.000    
 162.5,       915.7,   0.7830,  0.374E-02,    3.910,  11.88    , -1.344    ,  0.000    ,  0.000    ,  0.000    
 175.0,       898.4,   0.7797,  0.239E-02,    3.910,  9.401    , -1.308    ,  0.000    ,  0.000    ,  0.000    
 187.5,       885.2,   0.7771,  0.135E-02,    3.910,  6.976    , -1.282    ,  0.000    ,  0.000    ,  0.000    
 200.0,       875.8,   0.7754,  0.598E-03,    3.910,  4.591    , -1.265    ,  0.000    ,  0.000    ,  0.000    
 212.5,       870.3,   0.7744,  0.150E-03,    3.910,  2.231    , -1.255    ,  0.000    ,  0.000    ,  0.000    
 225.0,       868.5,   0.7741,   0.00    ,    3.910,  0.000    , -1.252    ,  0.000    ,  0.000    ,  0.000    
  
  
