 Now running DUAL...
 Resistances in each portion of the cell, from a simple (delta V) / I
 Time       Cur Den      R Anode       R Separator      R Cathode        R Total
 (min)      (A/m^2)     (ohm-m^2)       (ohm-m^2)       (ohm-m^2)      (ohm-m^2)
  
    0.000,     20.00000,   0.00000, 
 0.00033,    20.00,    0.17631E-03,    0.22148E-04,    0.90029E-03,    0.10987E-02
    0.000,     20.00000,  24.85000, 
 0.00067,    20.00,    0.17621E-03,    0.22239E-04,    0.89975E-03,    0.10982E-02
    0.001,     20.00000,  24.85000, 
 0.00103,    20.00,    0.17614E-03,    0.22335E-04,    0.89934E-03,    0.10978E-02
    0.001,     20.00000,  24.85000, 
 0.00144,    20.00,    0.17611E-03,    0.22443E-04,    0.89900E-03,    0.10976E-02
    0.001,     20.00000,  24.85000, 
 0.00188,    20.00,    0.17609E-03,    0.22559E-04,    0.89871E-03,    0.10974E-02
    0.002,     20.00000,  24.85000, 
 0.00237,    20.00,    0.17608E-03,    0.22687E-04,    0.89846E-03,    0.10972E-02
    0.002,     20.00000,  24.85000, 
 0.00291,    20.00,    0.17608E-03,    0.22823E-04,    0.89823E-03,    0.10971E-02
    0.003,     20.00000,  24.85000, 
 0.00350,    20.00,    0.17609E-03,    0.22971E-04,    0.89802E-03,    0.10971E-02
    0.003,     20.00000,  24.85000, 
 0.00415,    20.00,    0.17611E-03,    0.23128E-04,    0.89784E-03,    0.10971E-02
    0.004,     20.00000,  24.85000, 
 0.00486,    20.00,    0.17614E-03,    0.23294E-04,    0.89768E-03,    0.10971E-02
    0.005,     20.00000,  24.85000, 
 0.00565,    20.00,    0.17617E-03,    0.23468E-04,    0.89754E-03,    0.10972E-02
    0.006,     20.00000,  24.85000, 
 0.00651,    20.00,    0.17622E-03,    0.23651E-04,    0.89742E-03,    0.10973E-02
    0.007,     20.00000,  24.85000, 
 0.00746,    20.00,    0.17627E-03,    0.23839E-04,    0.89732E-03,    0.10974E-02
    0.007,     20.00000,  24.85000, 
 0.00851,    20.00,    0.17634E-03,    0.24034E-04,    0.89726E-03,    0.10976E-02
    0.009,     20.00000,  24.85000, 
 0.00966,    20.00,    0.17641E-03,    0.24232E-04,    0.89722E-03,    0.10979E-02
    0.010,     20.00000,  24.85000, 
 0.01092,    20.00,    0.17649E-03,    0.24435E-04,    0.89721E-03,    0.10981E-02
    0.011,     20.00000,  24.85000, 
 0.01232,    20.00,    0.17658E-03,    0.24641E-04,    0.89724E-03,    0.10985E-02
    0.012,     20.00000,  24.85000, 
 0.01385,    20.00,    0.17669E-03,    0.24850E-04,    0.89730E-03,    0.10988E-02
    0.014,     20.00000,  24.85000, 
 0.01553,    20.00,    0.17680E-03,    0.25060E-04,    0.89740E-03,    0.10993E-02
    0.016,     20.00000,  24.85000, 
 0.01739,    20.00,    0.17692E-03,    0.25273E-04,    0.89755E-03,    0.10997E-02
    0.017,     20.00000,  24.85000, 
 0.01942,    20.00,    0.17704E-03,    0.25487E-04,    0.89775E-03,    0.11003E-02
    0.019,     20.00000,  24.85000, 
 0.02167,    20.00,    0.17718E-03,    0.25703E-04,    0.89799E-03,    0.11009E-02
    0.022,     20.00000,  24.85000, 
 0.02413,    20.00,    0.17732E-03,    0.25920E-04,    0.89829E-03,    0.11015E-02
    0.024,     20.00000,  24.85000, 
 0.02685,    20.00,    0.17747E-03,    0.26139E-04,    0.89865E-03,    0.11023E-02
    0.027,     20.00000,  24.85000, 
 0.02983,    20.00,    0.17762E-03,    0.26360E-04,    0.89907E-03,    0.11030E-02
    0.030,     20.00000,  24.85000, 
 0.03312,    20.00,    0.17777E-03,    0.26583E-04,    0.89955E-03,    0.11039E-02
    0.033,     20.00000,  24.85000, 
 0.03673,    20.00,    0.17793E-03,    0.26809E-04,    0.90011E-03,    0.11048E-02
    0.037,     20.00000,  24.85000, 
 0.04070,    20.00,    0.17808E-03,    0.27038E-04,    0.90074E-03,    0.11059E-02
    0.041,     20.00000,  24.85000, 
 0.04507,    20.00,    0.17823E-03,    0.27269E-04,    0.90145E-03,    0.11069E-02
    0.045,     20.00000,  24.85000, 
 0.04988,    20.00,    0.17837E-03,    0.27504E-04,    0.90225E-03,    0.11081E-02
    0.050,     20.00000,  24.85000, 
 0.05516,    20.00,    0.17850E-03,    0.27742E-04,    0.90313E-03,    0.11094E-02
    0.055,     20.00000,  24.85000, 
 0.06098,    20.00,    0.17863E-03,    0.27984E-04,    0.90410E-03,    0.11107E-02
    0.061,     20.00000,  24.85000, 
 0.06738,    20.00,    0.17873E-03,    0.28230E-04,    0.90517E-03,    0.11121E-02
    0.067,     20.00000,  24.85000, 
 0.07442,    20.00,    0.17883E-03,    0.28482E-04,    0.90633E-03,    0.11136E-02
    0.074,     20.00000,  24.85000, 
 0.08216,    20.00,    0.17889E-03,    0.28737E-04,    0.90760E-03,    0.11152E-02
    0.082,     20.00000,  24.85000, 
 0.09067,    20.00,    0.17893E-03,    0.28999E-04,    0.90897E-03,    0.11169E-02
    0.091,     20.00000,  24.85000, 
 0.10004,    20.00,    0.17894E-03,    0.29267E-04,    0.91045E-03,    0.11186E-02
    0.100,     20.00000,  24.85000, 
 0.11035,    20.00,    0.17891E-03,    0.29541E-04,    0.91202E-03,    0.11205E-02
    0.110,     20.00000,  24.85000, 
 0.12168,    20.00,    0.17882E-03,    0.29822E-04,    0.91371E-03,    0.11224E-02
    0.122,     20.00000,  24.85000, 
 0.13415,    20.00,    0.17869E-03,    0.30112E-04,    0.91549E-03,    0.11243E-02
    0.134,     20.00000,  24.85000, 
 0.14786,    20.00,    0.17848E-03,    0.30410E-04,    0.91737E-03,    0.11263E-02
    0.148,     20.00000,  24.85000, 
 0.16295,    20.00,    0.17819E-03,    0.30719E-04,    0.91934E-03,    0.11282E-02
    0.163,     20.00000,  24.85000, 
 0.17955,    20.00,    0.17780E-03,    0.31036E-04,    0.92139E-03,    0.11302E-02
    0.180,     20.00000,  24.85000, 
 0.19780,    20.00,    0.17729E-03,    0.31366E-04,    0.92351E-03,    0.11322E-02
    0.198,     20.00000,  24.85000, 
 0.21788,    20.00,    0.17663E-03,    0.31706E-04,    0.92568E-03,    0.11340E-02
    0.218,     20.00000,  24.85000, 
 0.23997,    20.00,    0.17580E-03,    0.32059E-04,    0.92789E-03,    0.11358E-02
    0.240,     20.00000,  24.85000, 
 0.26427,    20.00,    0.17477E-03,    0.32421E-04,    0.93010E-03,    0.11373E-02
    0.264,     20.00000,  24.85000, 
 0.29099,    20.00,    0.17348E-03,    0.32795E-04,    0.93229E-03,    0.11386E-02
    0.291,     20.00000,  24.85000, 
 0.32039,    20.00,    0.17192E-03,    0.33177E-04,    0.93443E-03,    0.11395E-02
    0.320,     20.00000,  24.85000, 
 0.35273,    20.00,    0.17003E-03,    0.33566E-04,    0.93648E-03,    0.11401E-02
    0.353,     20.00000,  24.85000, 
 0.38830,    20.00,    0.16777E-03,    0.33960E-04,    0.93839E-03,    0.11401E-02
    0.388,     20.00000,  24.85000, 
 0.42743,    20.00,    0.16512E-03,    0.34355E-04,    0.94011E-03,    0.11396E-02
    0.427,     20.00000,  24.85000, 
 0.47048,    20.00,    0.16204E-03,    0.34747E-04,    0.94159E-03,    0.11384E-02
    0.470,     20.00000,  24.85000, 
 0.51782,    20.00,    0.15852E-03,    0.35134E-04,    0.94277E-03,    0.11364E-02
    0.518,     20.00000,  24.85000, 
 0.56991,    20.00,    0.15456E-03,    0.35509E-04,    0.94357E-03,    0.11336E-02
    0.570,     20.00000,  24.85000, 
 0.62720,    20.00,    0.15018E-03,    0.35872E-04,    0.94393E-03,    0.11300E-02
    0.627,     20.00000,  24.85000, 
 0.69022,    20.00,    0.14542E-03,    0.36215E-04,    0.94376E-03,    0.11254E-02
    0.690,     20.00000,  24.85000, 
 0.75954,    20.00,    0.14032E-03,    0.36537E-04,    0.94297E-03,    0.11198E-02
    0.760,     20.00000,  24.85000, 
 0.83579,    20.00,    0.13495E-03,    0.36834E-04,    0.94143E-03,    0.11132E-02
    0.836,     20.00000,  24.85000, 
 0.91967,    20.00,    0.12939E-03,    0.37104E-04,    0.93899E-03,    0.11055E-02
    0.920,     20.00000,  24.85000, 
 1.01194,    20.00,    0.12370E-03,    0.37344E-04,    0.93544E-03,    0.10965E-02
    1.012,     20.00000,  24.85000, 
 1.11343,    20.00,    0.11797E-03,    0.37555E-04,    0.93049E-03,    0.10860E-02
    1.113,     20.00000,  24.85000, 
 1.22508,    20.00,    0.11225E-03,    0.37736E-04,    0.92375E-03,    0.10737E-02
    1.225,     20.00000,  24.85000, 
 1.34788,    20.00,    0.10659E-03,    0.37888E-04,    0.91468E-03,    0.10592E-02
    1.348,     20.00000,  24.85000, 
 1.48297,    20.00,    0.10105E-03,    0.38013E-04,    0.90256E-03,    0.10416E-02
    1.483,     20.00000,  24.85000, 
 1.63157,    20.00,    0.95655E-04,    0.38115E-04,    0.88655E-03,    0.10203E-02
    1.632,     20.00000,  24.85000, 
 1.79503,    20.00,    0.90430E-04,    0.38193E-04,    0.86579E-03,    0.99441E-03
    1.795,     20.00000,  24.85000, 
 1.97483,    20.00,    0.85396E-04,    0.38253E-04,    0.83969E-03,    0.96334E-03
    1.975,     20.00000,  24.85000, 
 2.17261,    20.00,    0.80561E-04,    0.38296E-04,    0.80837E-03,    0.92723E-03
    2.173,     20.00000,  24.85000, 
 2.39017,    20.00,    0.75936E-04,    0.38329E-04,    0.77313E-03,    0.88740E-03
    2.390,     20.00000,  24.85000, 
 2.62949,    20.00,    0.71526E-04,    0.38356E-04,    0.73673E-03,    0.84661E-03
    2.629,     20.00000,  24.85000, 
 2.89274,    20.00,    0.67338E-04,    0.38385E-04,    0.70340E-03,    0.80912E-03
    2.893,     20.00000,  24.85000, 
 3.18231,    20.00,    0.63382E-04,    0.38425E-04,    0.67867E-03,    0.78047E-03
    3.182,     20.00000,  24.85000, 
 3.50084,    20.00,    0.59670E-04,    0.38486E-04,    0.66869E-03,    0.76685E-03
    3.501,     20.00000,  24.85000, 
 3.85123,    20.00,    0.56214E-04,    0.38566E-04,    0.67876E-03,    0.77354E-03
    3.851,     20.00000,  24.85000, 
 4.23665,    20.00,    0.53033E-04,    0.38659E-04,    0.71145E-03,    0.80314E-03
    4.237,     20.00000,  24.85000, 
 4.66062,    20.00,    0.50164E-04,    0.38747E-04,    0.76604E-03,    0.85495E-03
    4.661,     20.00000,  24.85000, 
 5.12698,    20.00,    0.47687E-04,    0.38822E-04,    0.83470E-03,    0.92121E-03
    5.127,     20.00000,  24.85000, 
 5.63998,    20.00,    0.45734E-04,    0.38870E-04,    0.89469E-03,    0.97930E-03
    5.640,     20.00000,  24.85000, 
 6.15297,    20.00,    0.44583E-04,    0.38884E-04,    0.91831E-03,    0.10018E-02
    6.153,     20.00000,  24.85000, 
 6.66597,    20.00,    0.44204E-04,    0.38876E-04,    0.90498E-03,    0.98806E-03
    6.666,     20.00000,  24.85000, 
 7.17897,    20.00,    0.44552E-04,    0.38861E-04,    0.86522E-03,    0.94864E-03
    7.179,     20.00000,  24.85000, 
 7.69197,    20.00,    0.45547E-04,    0.38845E-04,    0.81193E-03,    0.89632E-03
    7.692,     20.00000,  24.85000, 
 8.20496,    20.00,    0.47107E-04,    0.38835E-04,    0.75643E-03,    0.84238E-03
    8.205,     20.00000,  24.85000, 
 8.71796,    20.00,    0.49175E-04,    0.38832E-04,    0.70695E-03,    0.79495E-03
    8.718,     20.00000,  24.85000, 
 9.23096,    20.00,    0.51732E-04,    0.38839E-04,    0.66842E-03,    0.75899E-03
    9.231,     20.00000,  24.85000, 
 9.74396,    20.00,    0.54806E-04,    0.38853E-04,    0.64298E-03,    0.73664E-03
    9.744,     20.00000,  24.85000, 
10.25696,    20.00,    0.58473E-04,    0.38875E-04,    0.63054E-03,    0.72789E-03
   10.257,     20.00000,  24.85000, 
10.76995,    20.00,    0.62838E-04,    0.38897E-04,    0.62938E-03,    0.73111E-03
   10.770,     20.00000,  24.85000, 
11.28295,    20.00,    0.67997E-04,    0.38918E-04,    0.63689E-03,    0.74380E-03
   11.283,     20.00000,  24.85000, 
11.79595,    20.00,    0.73949E-04,    0.38934E-04,    0.65032E-03,    0.76321E-03
   11.796,     20.00000,  24.85000, 
12.30895,    20.00,    0.80483E-04,    0.38946E-04,    0.66737E-03,    0.78680E-03
   12.309,     20.00000,  24.85000, 
12.82194,    20.00,    0.87093E-04,    0.38949E-04,    0.68640E-03,    0.81244E-03
   12.822,     20.00000,  24.85000, 
13.33494,    20.00,    0.93120E-04,    0.38948E-04,    0.70645E-03,    0.83852E-03
   13.335,     20.00000,  24.85000, 
13.84794,    20.00,    0.98052E-04,    0.38940E-04,    0.72707E-03,    0.86407E-03
   13.848,     20.00000,  24.85000, 
14.36094,    20.00,    0.10176E-03,    0.38929E-04,    0.74807E-03,    0.88876E-03
   14.361,     20.00000,  24.85000, 
14.87394,    20.00,    0.10448E-03,    0.38916E-04,    0.76924E-03,    0.91263E-03
   14.874,     20.00000,  24.85000, 
15.38693,    20.00,    0.10662E-03,    0.38903E-04,    0.79022E-03,    0.93574E-03
   15.387,     20.00000,  24.85000, 
15.89993,    20.00,    0.10871E-03,    0.38890E-04,    0.81028E-03,    0.95787E-03
   15.900,     20.00000,  24.85000, 
16.41293,    20.00,    0.11129E-03,    0.38879E-04,    0.82837E-03,    0.97854E-03
   16.413,     20.00000,  24.85000, 
16.92593,    20.00,    0.11504E-03,    0.38868E-04,    0.84328E-03,    0.99719E-03
   16.926,     20.00000,  24.85000, 
17.43893,    20.00,    0.12083E-03,    0.38860E-04,    0.85390E-03,    0.10136E-02
   17.439,     20.00000,  24.85000, 
17.95192,    20.00,    0.12979E-03,    0.38854E-04,    0.85954E-03,    0.10282E-02
   17.952,     20.00000,  24.85000, 
18.46492,    20.00,    0.14235E-03,    0.38851E-04,    0.86010E-03,    0.10413E-02
   18.465,     20.00000,  24.85000, 
18.97792,    20.00,    0.15362E-03,    0.38847E-04,    0.85605E-03,    0.10485E-02
   18.978,     20.00000,  24.85000, 
19.49092,    20.00,    0.15286E-03,    0.38839E-04,    0.84826E-03,    0.10400E-02
   19.491,     20.00000,  24.85000, 
20.00391,    20.00,    0.13983E-03,    0.38820E-04,    0.83782E-03,    0.10165E-02
   20.004,     20.00000,  24.85000, 
20.51691,    20.00,    0.12331E-03,    0.38797E-04,    0.82586E-03,    0.98796E-03
   20.517,     20.00000,  24.85000, 
21.02991,    20.00,    0.10831E-03,    0.38775E-04,    0.81339E-03,    0.96047E-03
   21.030,     20.00000,  24.85000, 
21.54291,    20.00,    0.95835E-04,    0.38758E-04,    0.80121E-03,    0.93580E-03
   21.543,     20.00000,  24.85000, 
22.05591,    20.00,    0.85569E-04,    0.38744E-04,    0.78988E-03,    0.91419E-03
   22.056,     20.00000,  24.85000, 
22.56890,    20.00,    0.77018E-04,    0.38735E-04,    0.77978E-03,    0.89553E-03
   22.569,     20.00000,  24.85000, 
23.08190,    20.00,    0.69781E-04,    0.38728E-04,    0.77111E-03,    0.87962E-03
   23.082,     20.00000,  24.85000, 
23.59490,    20.00,    0.63571E-04,    0.38725E-04,    0.76397E-03,    0.86627E-03
   23.595,     20.00000,  24.85000, 
24.10790,    20.00,    0.58179E-04,    0.38722E-04,    0.75835E-03,    0.85525E-03
   24.108,     20.00000,  24.85000, 
24.62089,    20.00,    0.53457E-04,    0.38721E-04,    0.75417E-03,    0.84635E-03
   24.621,     20.00000,  24.85000, 
25.13389,    20.00,    0.49292E-04,    0.38721E-04,    0.75132E-03,    0.83933E-03
   25.134,     20.00000,  24.85000, 
25.64689,    20.00,    0.45599E-04,    0.38723E-04,    0.74966E-03,    0.83398E-03
   25.647,     20.00000,  24.85000, 
26.15989,    20.00,    0.42311E-04,    0.38724E-04,    0.74906E-03,    0.83009E-03
   26.160,     20.00000,  24.85000, 
26.67289,    20.00,    0.39375E-04,    0.38727E-04,    0.74937E-03,    0.82747E-03
   26.673,     20.00000,  24.85000, 
27.18588,    20.00,    0.36746E-04,    0.38729E-04,    0.75045E-03,    0.82593E-03
   27.186,     20.00000,  24.85000, 
27.69888,    20.00,    0.34389E-04,    0.38733E-04,    0.75219E-03,    0.82532E-03
   27.699,     20.00000,  24.85000, 
28.21188,    20.00,    0.32272E-04,    0.38736E-04,    0.75447E-03,    0.82548E-03
   28.212,     20.00000,  24.85000, 
28.72488,    20.00,    0.30369E-04,    0.38741E-04,    0.75720E-03,    0.82631E-03
   28.725,     20.00000,  24.85000, 
29.23787,    20.00,    0.28656E-04,    0.38745E-04,    0.76028E-03,    0.82768E-03
   29.238,     20.00000,  24.85000, 
29.75087,    20.00,    0.27115E-04,    0.38750E-04,    0.76366E-03,    0.82952E-03
   29.751,     20.00000,  24.85000, 
30.26387,    20.00,    0.25725E-04,    0.38754E-04,    0.76726E-03,    0.83174E-03
   30.264,     20.00000,  24.85000, 
30.77687,    20.00,    0.24474E-04,    0.38760E-04,    0.77105E-03,    0.83428E-03
   30.777,     20.00000,  24.85000, 
31.28987,    20.00,    0.23345E-04,    0.38765E-04,    0.77497E-03,    0.83708E-03
   31.290,     20.00000,  24.85000, 
31.80286,    20.00,    0.22328E-04,    0.38771E-04,    0.77901E-03,    0.84011E-03
   31.803,     20.00000,  24.85000, 
32.31586,    20.00,    0.21411E-04,    0.38777E-04,    0.78312E-03,    0.84331E-03
   32.316,     20.00000,  24.85000, 
32.82886,    20.00,    0.20585E-04,    0.38784E-04,    0.78730E-03,    0.84667E-03
   32.829,     20.00000,  24.85000, 
33.34186,    20.00,    0.19840E-04,    0.38790E-04,    0.79153E-03,    0.85016E-03
   33.342,     20.00000,  24.85000, 
33.85485,    20.00,    0.19171E-04,    0.38798E-04,    0.79580E-03,    0.85377E-03
   33.855,     20.00000,  24.85000, 
34.36785,    20.00,    0.18571E-04,    0.38805E-04,    0.80009E-03,    0.85746E-03
   34.368,     20.00000,  24.85000, 
34.88085,    20.00,    0.18036E-04,    0.38813E-04,    0.80440E-03,    0.86125E-03
   34.881,     20.00000,  24.85000, 
35.39385,    20.00,    0.17562E-04,    0.38821E-04,    0.80874E-03,    0.86512E-03
   35.394,     20.00000,  24.85000, 
35.90685,    20.00,    0.17151E-04,    0.38830E-04,    0.81309E-03,    0.86907E-03
   35.907,     20.00000,  24.85000, 
36.41984,    20.00,    0.16806E-04,    0.38839E-04,    0.81745E-03,    0.87310E-03
   36.420,     20.00000,  24.85000, 
36.93284,    20.00,    0.16546E-04,    0.38851E-04,    0.82184E-03,    0.87723E-03
   36.933,     20.00000,  24.85000, 
37.44584,    20.00,    0.16409E-04,    0.38864E-04,    0.82623E-03,    0.88150E-03
   37.446,     20.00000,  24.85000, 
37.95884,    20.00,    0.16492E-04,    0.38884E-04,    0.83064E-03,    0.88601E-03
   37.959,     20.00000,  24.85000, 
38.47183,    20.00,    0.16963E-04,    0.38912E-04,    0.83506E-03,    0.89093E-03
   38.472,     20.00000,  24.85000, 
38.98483,    20.00,    0.17981E-04,    0.38950E-04,    0.83946E-03,    0.89639E-03
   38.985,     20.00000,  24.85000, 
39.49783,    20.00,    0.19535E-04,    0.38987E-04,    0.84381E-03,    0.90233E-03
   39.498,     20.00000,  24.85000, 
40.01083,    20.00,    0.21469E-04,    0.39014E-04,    0.84806E-03,    0.90854E-03
   40.011,     20.00000,  24.85000, 
40.52383,    20.00,    0.23620E-04,    0.39026E-04,    0.85222E-03,    0.91486E-03
   40.524,     20.00000,  24.85000, 
41.03682,    20.00,    0.25862E-04,    0.39027E-04,    0.85634E-03,    0.92123E-03
   41.037,     20.00000,  24.85000, 
41.54982,    20.00,    0.28108E-04,    0.39021E-04,    0.86047E-03,    0.92760E-03
   41.550,     20.00000,  24.85000, 
42.06282,    20.00,    0.30304E-04,    0.39012E-04,    0.86465E-03,    0.93396E-03
   42.063,     20.00000,  24.85000, 
42.57582,    20.00,    0.32412E-04,    0.39000E-04,    0.86888E-03,    0.94030E-03
   42.576,     20.00000,  24.85000, 
43.08882,    20.00,    0.34415E-04,    0.38990E-04,    0.87320E-03,    0.94660E-03
   43.089,     20.00000,  24.85000, 
43.60181,    20.00,    0.36302E-04,    0.38978E-04,    0.87759E-03,    0.95287E-03
   43.602,     20.00000,  24.85000, 
44.11481,    20.00,    0.38068E-04,    0.38968E-04,    0.88207E-03,    0.95911E-03
   44.115,     20.00000,  24.85000, 
44.62781,    20.00,    0.39715E-04,    0.38958E-04,    0.88664E-03,    0.96531E-03
   44.628,     20.00000,  24.85000, 
45.14081,    20.00,    0.41246E-04,    0.38950E-04,    0.89129E-03,    0.97149E-03
   45.141,     20.00000,  24.85000, 
45.65380,    20.00,    0.42662E-04,    0.38941E-04,    0.89603E-03,    0.97763E-03
   45.654,     20.00000,  24.85000, 
46.16680,    20.00,    0.43969E-04,    0.38934E-04,    0.90085E-03,    0.98376E-03
   46.167,     20.00000,  24.85000, 
46.67980,    20.00,    0.45168E-04,    0.38927E-04,    0.90576E-03,    0.98986E-03
   46.680,     20.00000,  24.85000, 
47.19280,    20.00,    0.46260E-04,    0.38921E-04,    0.91076E-03,    0.99594E-03
   47.193,     20.00000,  24.85000, 
47.70580,    20.00,    0.47240E-04,    0.38915E-04,    0.91585E-03,    0.10020E-02
   47.706,     20.00000,  24.85000, 
48.21879,    20.00,    0.48104E-04,    0.38910E-04,    0.92102E-03,    0.10080E-02
   48.219,     20.00000,  24.85000, 
48.73179,    20.00,    0.48840E-04,    0.38904E-04,    0.92628E-03,    0.10140E-02
   48.732,     20.00000,  24.85000, 
49.24479,    20.00,    0.49435E-04,    0.38899E-04,    0.93164E-03,    0.10200E-02
   49.245,     20.00000,  24.85000, 
49.75779,    20.00,    0.49881E-04,    0.38894E-04,    0.93708E-03,    0.10259E-02
   49.758,     20.00000,  24.85000, 
50.27078,    20.00,    0.50179E-04,    0.38890E-04,    0.94262E-03,    0.10317E-02
   50.271,     20.00000,  24.85000, 
50.78378,    20.00,    0.50356E-04,    0.38885E-04,    0.94825E-03,    0.10375E-02
   50.784,     20.00000,  24.85000, 
51.29678,    20.00,    0.50473E-04,    0.38881E-04,    0.95397E-03,    0.10433E-02
   51.297,     20.00000,  24.85000, 
51.80978,    20.00,    0.50633E-04,    0.38878E-04,    0.95980E-03,    0.10493E-02
   51.810,     20.00000,  24.85000, 
52.32278,    20.00,    0.50984E-04,    0.38879E-04,    0.96572E-03,    0.10556E-02
   52.323,     20.00000,  24.85000, 
52.83577,    20.00,    0.51716E-04,    0.38882E-04,    0.97174E-03,    0.10623E-02
   52.836,     20.00000,  24.85000, 
53.34877,    20.00,    0.53080E-04,    0.38889E-04,    0.97785E-03,    0.10698E-02
   53.349,     20.00000,  24.85000, 
53.86177,    20.00,    0.55476E-04,    0.38900E-04,    0.98403E-03,    0.10784E-02
   53.862,     20.00000,  24.85000, 
54.37477,    20.00,    0.59714E-04,    0.38918E-04,    0.99029E-03,    0.10889E-02
   54.375,     20.00000,  24.85000, 
54.88776,    20.00,    0.67872E-04,    0.38945E-04,    0.99660E-03,    0.11034E-02
   54.888,     20.00000,  24.85000, 
55.40076,    20.00,    0.84501E-04,    0.38992E-04,    0.10030E-02,    0.11265E-02
   55.401,     20.00000,  24.85000, 
55.91376,    20.00,    0.98142E-04,    0.39030E-04,    0.10093E-02,    0.11464E-02
   55.914,     20.00000,  24.85000, 
56.42676,    20.00,    0.92704E-04,    0.38991E-04,    0.10154E-02,    0.11471E-02
   56.427,     20.00000,  24.85000, 
56.93976,    20.00,    0.83063E-04,    0.38910E-04,    0.10213E-02,    0.11433E-02
   56.940,     20.00000,  24.85000, 
57.45275,    20.00,    0.74641E-04,    0.38834E-04,    0.10276E-02,    0.11411E-02
   57.453,     20.00000,  24.85000, 
57.96575,    20.00,    0.67611E-04,    0.38775E-04,    0.10342E-02,    0.11406E-02
   57.966,     20.00000,  24.85000, 
58.47875,    20.00,    0.61601E-04,    0.38735E-04,    0.10412E-02,    0.11416E-02
   58.479,     20.00000,  24.85000, 
58.99175,    20.00,    0.56357E-04,    0.38708E-04,    0.10485E-02,    0.11436E-02
   58.992,     20.00000,  24.85000, 
59.50474,    20.00,    0.51744E-04,    0.38697E-04,    0.10561E-02,    0.11465E-02
   59.505,     20.00000,  24.85000, 
60.00000,    20.00,    0.47839E-04,    0.38697E-04,    0.10636E-02,    0.11501E-02
   60.000,     20.00000,  24.85000, 
